# JRE version: OpenJDK Runtime Environment Temurin-17.0.6+10 (17.0.6+10) (build 17.0.6+10)
# Java VM: OpenJDK 64-Bit Server VM Temurin-17.0.6+10 (17.0.6+10, mixed mode, emulated-client, tiered, compressed oops, compressed class ptrs, g1 gc, windows-amd64)
GC Precious Log:
 CPUs: 8 total, 8 available
 Memory: 12168M
 Large Page Support: Disabled
 NUMA Support: Disabled
 Compressed Oops: Enabled (Zero based)
 Heap Region Size: 2M
 Heap Min Capacity: 8M
 Heap Initial Capacity: 192M
 Heap Max Capacity: 3044M
 Pre-touch: Disabled
 Parallel Workers: 8
 Concurrent Workers: 2
 Concurrent Refinement Workers: 8
 Periodic GC: Disabled
Heap:
 garbage-first heap   total 69632K, used 25501K [0x0000000741c00000, 0x0000000800000000)
  region size 2048K, 1 young (2048K), 1 survivors (2048K)
 Metaspace       used 66962K, committed 67520K, reserved 1114112K
  class space    used 9064K, committed 9344K, reserved 1048576K
GC Heap History (20 events):
Event: 3.462 GC heap after
{Heap after GC invocations=8 (full 0):
 garbage-first heap   total 49152K, used 13531K [0x0000000741c00000, 0x0000000800000000)
  region size 2048K, 2 young (4096K), 2 survivors (4096K)
 Metaspace       used 30513K, committed 30784K, reserved 1081344K
  class space    used 3785K, committed 3904K, reserved 1048576K
}
Event: 3.914 GC heap before
{Heap before GC invocations=8 (full 0):
 garbage-first heap   total 49152K, used 31963K [0x0000000741c00000, 0x0000000800000000)
  region size 2048K, 11 young (22528K), 2 survivors (4096K)
 Metaspace       used 32805K, committed 33152K, reserved 1081344K
  class space    used 4128K, committed 4288K, reserved 1048576K
}
Event: 3.918 GC heap after
{Heap after GC invocations=9 (full 0):
 garbage-first heap   total 49152K, used 14468K [0x0000000741c00000, 0x0000000800000000)
  region size 2048K, 2 young (4096K), 2 survivors (4096K)
 Metaspace       used 32805K, committed 33152K, reserved 1081344K
  class space    used 4128K, committed 4288K, reserved 1048576K
}
Event: 4.420 GC heap before
{Heap before GC invocations=9 (full 0):
 garbage-first heap   total 49152K, used 32900K [0x0000000741c00000, 0x0000000800000000)
  region size 2048K, 11 young (22528K), 2 survivors (4096K)
 Metaspace       used 35334K, committed 35776K, reserved 1081344K
  class space    used 4522K, committed 4736K, reserved 1048576K
}
Event: 4.437 GC heap after
{Heap after GC invocations=10 (full 0):
 garbage-first heap   total 49152K, used 16180K [0x0000000741c00000, 0x0000000800000000)
  region size 2048K, 2 young (4096K), 2 survivors (4096K)
 Metaspace       used 35334K, committed 35776K, reserved 1081344K
  class space    used 4522K, committed 4736K, reserved 1048576K
}
Event: 4.494 GC heap before
{Heap before GC invocations=10 (full 0):
 garbage-first heap   total 49152K, used 18228K [0x0000000741c00000, 0x0000000800000000)
  region size 2048K, 4 young (8192K), 2 survivors (4096K)
 Metaspace       used 35777K, committed 36160K, reserved 1081344K
  class space    used 4600K, committed 4800K, reserved 1048576K
}
Event: 4.504 GC heap after
{Heap after GC invocations=11 (full 0):
 garbage-first heap   total 81920K, used 16482K [0x0000000741c00000, 0x0000000800000000)
  region size 2048K, 1 young (2048K), 1 survivors (2048K)
 Metaspace       used 35777K, committed 36160K, reserved 1081344K
  class space    used 4600K, committed 4800K, reserved 1048576K
}
Event: 5.688 GC heap before
{Heap before GC invocations=12 (full 0):
 garbage-first heap   total 69632K, used 55394K [0x0000000741c00000, 0x0000000800000000)
  region size 2048K, 20 young (40960K), 1 survivors (2048K)
 Metaspace       used 45749K, committed 46144K, reserved 1089536K
  class space    used 5831K, committed 6016K, reserved 1048576K
}
Event: 5.694 GC heap after
{Heap after GC invocations=13 (full 0):
 garbage-first heap   total 69632K, used 20565K [0x0000000741c00000, 0x0000000800000000)
  region size 2048K, 3 young (6144K), 3 survivors (6144K)
 Metaspace       used 45749K, committed 46144K, reserved 1089536K
  class space    used 5831K, committed 6016K, reserved 1048576K
}
Event: 5.733 GC heap before
{Heap before GC invocations=13 (full 0):
 garbage-first heap   total 69632K, used 22613K [0x0000000741c00000, 0x0000000800000000)
  region size 2048K, 4 young (8192K), 3 survivors (6144K)
 Metaspace       used 46067K, committed 46528K, reserved 1089536K
  class space    used 5872K, committed 6080K, reserved 1048576K
}
Event: 5.753 GC heap after
{Heap after GC invocations=14 (full 0):
 garbage-first heap   total 69632K, used 21200K [0x0000000741c00000, 0x0000000800000000)
  region size 2048K, 1 young (2048K), 1 survivors (2048K)
 Metaspace       used 46067K, committed 46528K, reserved 1089536K
  class space    used 5872K, committed 6080K, reserved 1048576K
}
Event: 6.445 GC heap before
{Heap before GC invocations=14 (full 0):
 garbage-first heap   total 69632K, used 47824K [0x0000000741c00000, 0x0000000800000000)
  region size 2048K, 15 young (30720K), 1 survivors (2048K)
 Metaspace       used 51135K, committed 51584K, reserved 1097728K
  class space    used 6601K, committed 6848K, reserved 1048576K
}
Event: 6.458 GC heap after
{Heap after GC invocations=15 (full 0):
 garbage-first heap   total 69632K, used 22223K [0x0000000741c00000, 0x0000000800000000)
  region size 2048K, 1 young (2048K), 1 survivors (2048K)
 Metaspace       used 51135K, committed 51584K, reserved 1097728K
  class space    used 6601K, committed 6848K, reserved 1048576K
}
Event: 7.067 GC heap before
{Heap before GC invocations=15 (full 0):
 garbage-first heap   total 69632K, used 50895K [0x0000000741c00000, 0x0000000800000000)
  region size 2048K, 15 young (30720K), 1 survivors (2048K)
 Metaspace       used 58164K, committed 58688K, reserved 1105920K
  class space    used 7649K, committed 7936K, reserved 1048576K
}
Event: 7.072 GC heap after
{Heap after GC invocations=16 (full 0):
 garbage-first heap   total 69632K, used 23706K [0x0000000741c00000, 0x0000000800000000)
  region size 2048K, 2 young (4096K), 2 survivors (4096K)
 Metaspace       used 58164K, committed 58688K, reserved 1105920K
  class space    used 7649K, committed 7936K, reserved 1048576K
}
Event: 7.188 GC heap before
{Heap before GC invocations=16 (full 0):
 garbage-first heap   total 69632K, used 29850K [0x0000000741c00000, 0x0000000800000000)
  region size 2048K, 6 young (12288K), 2 survivors (4096K)
 Metaspace       used 60215K, committed 60736K, reserved 1105920K
  class space    used 8022K, committed 8256K, reserved 1048576K
}
Event: 7.205 GC heap after
{Heap after GC invocations=17 (full 0):
 garbage-first heap   total 69632K, used 23972K [0x0000000741c00000, 0x0000000800000000)
  region size 2048K, 1 young (2048K), 1 survivors (2048K)
 Metaspace       used 60215K, committed 60736K, reserved 1105920K
  class space    used 8022K, committed 8256K, reserved 1048576K
}
Event: 7.706 GC heap before
{Heap before GC invocations=18 (full 0):
 garbage-first heap   total 69632K, used 52644K [0x0000000741c00000, 0x0000000800000000)
  region size 2048K, 15 young (30720K), 1 survivors (2048K)
 Metaspace       used 66531K, committed 67136K, reserved 1114112K
  class space    used 9000K, committed 9280K, reserved 1048576K
}
Event: 7.723 GC heap after
{Heap after GC invocations=19 (full 0):
 garbage-first heap   total 69632K, used 25533K [0x0000000741c00000, 0x0000000800000000)
  region size 2048K, 2 young (4096K), 2 survivors (4096K)
 Metaspace       used 66531K, committed 67136K, reserved 1114112K
  class space    used 9000K, committed 9280K, reserved 1048576K
}
Event: 7.755 GC heap before
{Heap before GC invocations=19 (full 0):
 garbage-first heap   total 69632K, used 27581K [0x0000000741c00000, 0x0000000800000000)
  region size 2048K, 3 young (6144K), 2 survivors (4096K)
 Metaspace       used 66962K, committed 67520K, reserved 1114112K
  class space    used 9064K, committed 9344K, reserved 1048576K
}

