# JRE version: OpenJDK Runtime Environment Temurin-17.0.6+10 (17.0.6+10) (build 17.0.6+10)
# Java VM: OpenJDK 64-Bit Server VM Temurin-17.0.6+10 (17.0.6+10, mixed mode, emulated-client, tiered, compressed oops, compressed class ptrs, g1 gc, windows-amd64)
GC Precious Log:
 CPUs: 8 total, 8 available
 Memory: 12168M
 Large Page Support: Disabled
 NUMA Support: Disabled
 Compressed Oops: Enabled (Zero based)
 Heap Region Size: 2M
 Heap Min Capacity: 8M
 Heap Initial Capacity: 192M
 Heap Max Capacity: 3044M
 Pre-touch: Disabled
 Parallel Workers: 8
 Concurrent Workers: 2
 Concurrent Refinement Workers: 8
 Periodic GC: Disabled
Heap:
 garbage-first heap   total 61440K, used 30175K [0x0000000741c00000, 0x0000000800000000)
  region size 2048K, 8 young (16384K), 1 survivors (2048K)
 Metaspace       used 48335K, committed 48832K, reserved 1097728K
  class space    used 6282K, committed 6528K, reserved 1048576K
GC Heap History (20 events):
Event: 2.772 GC heap before
{Heap before GC invocations=2 (full 0):
 garbage-first heap   total 196608K, used 12832K [0x0000000741c00000, 0x0000000800000000)
  region size 2048K, 5 young (10240K), 1 survivors (2048K)
 Metaspace       used 21259K, committed 21504K, reserved 1073152K
  class space    used 2438K, committed 2560K, reserved 1048576K
}
Event: 2.775 GC heap after
{Heap after GC invocations=3 (full 0):
 garbage-first heap   total 196608K, used 8918K [0x0000000741c00000, 0x0000000800000000)
  region size 2048K, 1 young (2048K), 1 survivors (2048K)
 Metaspace       used 21259K, committed 21504K, reserved 1073152K
  class space    used 2438K, committed 2560K, reserved 1048576K
}
Event: 3.115 GC heap before
{Heap before GC invocations=4 (full 0):
 garbage-first heap   total 40960K, used 25302K [0x0000000741c00000, 0x0000000800000000)
  region size 2048K, 11 young (22528K), 1 survivors (2048K)
 Metaspace       used 25526K, committed 25792K, reserved 1073152K
  class space    used 3008K, committed 3136K, reserved 1048576K
}
Event: 3.120 GC heap after
{Heap after GC invocations=5 (full 0):
 garbage-first heap   total 40960K, used 9926K [0x0000000741c00000, 0x0000000800000000)
  region size 2048K, 2 young (4096K), 2 survivors (4096K)
 Metaspace       used 25526K, committed 25792K, reserved 1073152K
  class space    used 3008K, committed 3136K, reserved 1048576K
}
Event: 3.207 GC heap before
{Heap before GC invocations=5 (full 0):
 garbage-first heap   total 40960K, used 11974K [0x0000000741c00000, 0x0000000800000000)
  region size 2048K, 3 young (6144K), 2 survivors (4096K)
 Metaspace       used 26007K, committed 26304K, reserved 1073152K
  class space    used 3079K, committed 3200K, reserved 1048576K
}
Event: 3.215 GC heap after
{Heap after GC invocations=6 (full 0):
 garbage-first heap   total 40960K, used 10148K [0x0000000741c00000, 0x0000000800000000)
  region size 2048K, 1 young (2048K), 1 survivors (2048K)
 Metaspace       used 26007K, committed 26304K, reserved 1073152K
  class space    used 3079K, committed 3200K, reserved 1048576K
}
Event: 3.958 GC heap before
{Heap before GC invocations=6 (full 0):
 garbage-first heap   total 40960K, used 26532K [0x0000000741c00000, 0x0000000800000000)
  region size 2048K, 9 young (18432K), 1 survivors (2048K)
 Metaspace       used 27755K, committed 28032K, reserved 1081344K
  class space    used 3287K, committed 3392K, reserved 1048576K
}
Event: 3.963 GC heap after
{Heap after GC invocations=7 (full 0):
 garbage-first heap   total 40960K, used 11447K [0x0000000741c00000, 0x0000000800000000)
  region size 2048K, 1 young (2048K), 1 survivors (2048K)
 Metaspace       used 27755K, committed 28032K, reserved 1081344K
  class space    used 3287K, committed 3392K, reserved 1048576K
}
Event: 4.815 GC heap before
{Heap before GC invocations=7 (full 0):
 garbage-first heap   total 40960K, used 27831K [0x0000000741c00000, 0x0000000800000000)
  region size 2048K, 9 young (18432K), 1 survivors (2048K)
 Metaspace       used 30037K, committed 30336K, reserved 1081344K
  class space    used 3649K, committed 3776K, reserved 1048576K
}
Event: 4.822 GC heap after
{Heap after GC invocations=8 (full 0):
 garbage-first heap   total 40960K, used 12437K [0x0000000741c00000, 0x0000000800000000)
  region size 2048K, 2 young (4096K), 2 survivors (4096K)
 Metaspace       used 30037K, committed 30336K, reserved 1081344K
  class space    used 3649K, committed 3776K, reserved 1048576K
}
Event: 5.545 GC heap before
{Heap before GC invocations=8 (full 0):
 garbage-first heap   total 40960K, used 26773K [0x0000000741c00000, 0x0000000800000000)
  region size 2048K, 9 young (18432K), 2 survivors (4096K)
 Metaspace       used 32625K, committed 33024K, reserved 1081344K
  class space    used 4098K, committed 4288K, reserved 1048576K
}
Event: 5.555 GC heap after
{Heap after GC invocations=9 (full 0):
 garbage-first heap   total 40960K, used 13377K [0x0000000741c00000, 0x0000000800000000)
  region size 2048K, 2 young (4096K), 2 survivors (4096K)
 Metaspace       used 32625K, committed 33024K, reserved 1081344K
  class space    used 4098K, committed 4288K, reserved 1048576K
}
Event: 6.049 GC heap before
{Heap before GC invocations=9 (full 0):
 garbage-first heap   total 40960K, used 25665K [0x0000000741c00000, 0x0000000800000000)
  region size 2048K, 9 young (18432K), 2 survivors (4096K)
 Metaspace       used 34730K, committed 35136K, reserved 1081344K
  class space    used 4465K, committed 4672K, reserved 1048576K
}
Event: 6.060 GC heap after
{Heap after GC invocations=10 (full 0):
 garbage-first heap   total 118784K, used 15072K [0x0000000741c00000, 0x0000000800000000)
  region size 2048K, 2 young (4096K), 2 survivors (4096K)
 Metaspace       used 34730K, committed 35136K, reserved 1081344K
  class space    used 4465K, committed 4672K, reserved 1048576K
}
Event: 6.265 GC heap before
{Heap before GC invocations=10 (full 0):
 garbage-first heap   total 118784K, used 19168K [0x0000000741c00000, 0x0000000800000000)
  region size 2048K, 5 young (10240K), 2 survivors (4096K)
 Metaspace       used 35820K, committed 36160K, reserved 1081344K
  class space    used 4581K, committed 4736K, reserved 1048576K
}
Event: 6.275 GC heap after
{Heap after GC invocations=11 (full 0):
 garbage-first heap   total 118784K, used 15454K [0x0000000741c00000, 0x0000000800000000)
  region size 2048K, 2 young (4096K), 2 survivors (4096K)
 Metaspace       used 35820K, committed 36160K, reserved 1081344K
  class space    used 4581K, committed 4736K, reserved 1048576K
}
Event: 7.604 GC heap before
{Heap before GC invocations=12 (full 0):
 garbage-first heap   total 61440K, used 48222K [0x0000000741c00000, 0x0000000800000000)
  region size 2048K, 18 young (36864K), 2 survivors (4096K)
 Metaspace       used 41976K, committed 42432K, reserved 1089536K
  class space    used 5491K, committed 5696K, reserved 1048576K
}
Event: 7.609 GC heap after
{Heap after GC invocations=13 (full 0):
 garbage-first heap   total 61440K, used 17782K [0x0000000741c00000, 0x0000000800000000)
  region size 2048K, 3 young (6144K), 3 survivors (6144K)
 Metaspace       used 41976K, committed 42432K, reserved 1089536K
  class space    used 5491K, committed 5696K, reserved 1048576K
}
Event: 7.684 GC heap before
{Heap before GC invocations=13 (full 0):
 garbage-first heap   total 61440K, used 19830K [0x0000000741c00000, 0x0000000800000000)
  region size 2048K, 4 young (8192K), 3 survivors (6144K)
 Metaspace       used 42556K, committed 43008K, reserved 1089536K
  class space    used 5571K, committed 5760K, reserved 1048576K
}
Event: 7.690 GC heap after
{Heap after GC invocations=14 (full 0):
 garbage-first heap   total 61440K, used 17887K [0x0000000741c00000, 0x0000000800000000)
  region size 2048K, 1 young (2048K), 1 survivors (2048K)
 Metaspace       used 42556K, committed 43008K, reserved 1089536K
  class space    used 5571K, committed 5760K, reserved 1048576K
}

