# JRE version: OpenJDK Runtime Environment Temurin-17.0.6+10 (17.0.6+10) (build 17.0.6+10)
# Java VM: OpenJDK 64-Bit Server VM Temurin-17.0.6+10 (17.0.6+10, mixed mode, emulated-client, tiered, compressed oops, compressed class ptrs, g1 gc, windows-amd64)
GC Precious Log:
 CPUs: 8 total, 8 available
 Memory: 12168M
 Large Page Support: Disabled
 NUMA Support: Disabled
 Compressed Oops: Enabled (Zero based)
 Heap Region Size: 2M
 Heap Min Capacity: 8M
 Heap Initial Capacity: 192M
 Heap Max Capacity: 3044M
 Pre-touch: Disabled
 Parallel Workers: 8
 Concurrent Workers: 2
 Concurrent Refinement Workers: 8
 Periodic GC: Disabled
Heap:
 garbage-first heap   total 75776K, used 27185K [0x0000000741c00000, 0x0000000800000000)
  region size 2048K, 3 young (6144K), 2 survivors (4096K)
 Metaspace       used 67440K, committed 67776K, reserved 1114112K
  class space    used 8939K, committed 9088K, reserved 1048576K
GC Heap History (20 events):
Event: 4.516 GC heap before
{Heap before GC invocations=9 (full 0):
 garbage-first heap   total 40960K, used 29215K [0x0000000741c00000, 0x0000000800000000)
  region size 2048K, 10 young (20480K), 2 survivors (4096K)
 Metaspace       used 29556K, committed 29888K, reserved 1081344K
  class space    used 3562K, committed 3712K, reserved 1048576K
}
Event: 4.520 GC heap after
{Heap after GC invocations=10 (full 0):
 garbage-first heap   total 40960K, used 13567K [0x0000000741c00000, 0x0000000800000000)
  region size 2048K, 2 young (4096K), 2 survivors (4096K)
 Metaspace       used 29556K, committed 29888K, reserved 1081344K
  class space    used 3562K, committed 3712K, reserved 1048576K
}
Event: 5.002 GC heap before
{Heap before GC invocations=10 (full 0):
 garbage-first heap   total 40960K, used 27903K [0x0000000741c00000, 0x0000000800000000)
  region size 2048K, 9 young (18432K), 2 survivors (4096K)
 Metaspace       used 31234K, committed 31552K, reserved 1081344K
  class space    used 3830K, committed 3968K, reserved 1048576K
}
Event: 5.006 GC heap after
{Heap after GC invocations=11 (full 0):
 garbage-first heap   total 40960K, used 14671K [0x0000000741c00000, 0x0000000800000000)
  region size 2048K, 2 young (4096K), 2 survivors (4096K)
 Metaspace       used 31234K, committed 31552K, reserved 1081344K
  class space    used 3830K, committed 3968K, reserved 1048576K
}
Event: 5.460 GC heap before
{Heap before GC invocations=11 (full 0):
 garbage-first heap   total 40960K, used 29007K [0x0000000741c00000, 0x0000000800000000)
  region size 2048K, 9 young (18432K), 2 survivors (4096K)
 Metaspace       used 33010K, committed 33344K, reserved 1081344K
  class space    used 4101K, committed 4288K, reserved 1048576K
}
Event: 5.465 GC heap after
{Heap after GC invocations=12 (full 0):
 garbage-first heap   total 40960K, used 15994K [0x0000000741c00000, 0x0000000800000000)
  region size 2048K, 2 young (4096K), 2 survivors (4096K)
 Metaspace       used 33010K, committed 33344K, reserved 1081344K
  class space    used 4101K, committed 4288K, reserved 1048576K
}
Event: 5.950 GC heap before
{Heap before GC invocations=12 (full 0):
 garbage-first heap   total 40960K, used 30330K [0x0000000741c00000, 0x0000000800000000)
  region size 2048K, 9 young (18432K), 2 survivors (4096K)
 Metaspace       used 34667K, committed 35008K, reserved 1081344K
  class space    used 4372K, committed 4544K, reserved 1048576K
}
Event: 5.956 GC heap after
{Heap after GC invocations=13 (full 0):
 garbage-first heap   total 40960K, used 17658K [0x0000000741c00000, 0x0000000800000000)
  region size 2048K, 2 young (4096K), 2 survivors (4096K)
 Metaspace       used 34667K, committed 35008K, reserved 1081344K
  class space    used 4372K, committed 4544K, reserved 1048576K
}
Event: 6.147 GC heap before
{Heap before GC invocations=13 (full 0):
 garbage-first heap   total 40960K, used 21754K [0x0000000741c00000, 0x0000000800000000)
  region size 2048K, 5 young (10240K), 2 survivors (4096K)
 Metaspace       used 35673K, committed 35968K, reserved 1081344K
  class space    used 4476K, committed 4608K, reserved 1048576K
}
Event: 6.152 GC heap after
{Heap after GC invocations=14 (full 0):
 garbage-first heap   total 118784K, used 18376K [0x0000000741c00000, 0x0000000800000000)
  region size 2048K, 1 young (2048K), 1 survivors (2048K)
 Metaspace       used 35673K, committed 35968K, reserved 1081344K
  class space    used 4476K, committed 4608K, reserved 1048576K
}
Event: 7.568 GC heap before
{Heap before GC invocations=15 (full 0):
 garbage-first heap   total 75776K, used 61384K [0x0000000741c00000, 0x0000000800000000)
  region size 2048K, 22 young (45056K), 1 survivors (2048K)
 Metaspace       used 42186K, committed 42560K, reserved 1089536K
  class space    used 5278K, committed 5440K, reserved 1048576K
}
Event: 7.573 GC heap after
{Heap after GC invocations=16 (full 0):
 garbage-first heap   total 75776K, used 21140K [0x0000000741c00000, 0x0000000800000000)
  region size 2048K, 2 young (4096K), 2 survivors (4096K)
 Metaspace       used 42186K, committed 42560K, reserved 1089536K
  class space    used 5278K, committed 5440K, reserved 1048576K
}
Event: 9.421 GC heap before
{Heap before GC invocations=16 (full 0):
 garbage-first heap   total 75776K, used 55956K [0x0000000741c00000, 0x0000000800000000)
  region size 2048K, 19 young (38912K), 2 survivors (4096K)
 Metaspace       used 53197K, committed 53504K, reserved 1097728K
  class space    used 6625K, committed 6784K, reserved 1048576K
}
Event: 9.428 GC heap after
{Heap after GC invocations=17 (full 0):
 garbage-first heap   total 75776K, used 24362K [0x0000000741c00000, 0x0000000800000000)
  region size 2048K, 3 young (6144K), 3 survivors (6144K)
 Metaspace       used 53197K, committed 53504K, reserved 1097728K
  class space    used 6625K, committed 6784K, reserved 1048576K
}
Event: 10.766 GC heap before
{Heap before GC invocations=17 (full 0):
 garbage-first heap   total 75776K, used 53034K [0x0000000741c00000, 0x0000000800000000)
  region size 2048K, 18 young (36864K), 3 survivors (6144K)
 Metaspace       used 58887K, committed 59264K, reserved 1105920K
  class space    used 7474K, committed 7680K, reserved 1048576K
}
Event: 10.773 GC heap after
{Heap after GC invocations=18 (full 0):
 garbage-first heap   total 75776K, used 25763K [0x0000000741c00000, 0x0000000800000000)
  region size 2048K, 3 young (6144K), 3 survivors (6144K)
 Metaspace       used 58887K, committed 59264K, reserved 1105920K
  class space    used 7474K, committed 7680K, reserved 1048576K
}
Event: 10.970 GC heap before
{Heap before GC invocations=18 (full 0):
 garbage-first heap   total 75776K, used 27811K [0x0000000741c00000, 0x0000000800000000)
  region size 2048K, 5 young (10240K), 3 survivors (6144K)
 Metaspace       used 59967K, committed 60288K, reserved 1105920K
  class space    used 7711K, committed 7872K, reserved 1048576K
}
Event: 10.974 GC heap after
{Heap after GC invocations=19 (full 0):
 garbage-first heap   total 75776K, used 26294K [0x0000000741c00000, 0x0000000800000000)
  region size 2048K, 2 young (4096K), 2 survivors (4096K)
 Metaspace       used 59967K, committed 60288K, reserved 1105920K
  class space    used 7711K, committed 7872K, reserved 1048576K
}
Event: 12.273 GC heap before
{Heap before GC invocations=20 (full 0):
 garbage-first heap   total 75776K, used 57014K [0x0000000741c00000, 0x0000000800000000)
  region size 2048K, 17 young (34816K), 2 survivors (4096K)
 Metaspace       used 67092K, committed 67520K, reserved 1114112K
  class space    used 8880K, committed 9088K, reserved 1048576K
}
Event: 12.276 GC heap after
{Heap after GC invocations=21 (full 0):
 garbage-first heap   total 75776K, used 27185K [0x0000000741c00000, 0x0000000800000000)
  region size 2048K, 2 young (4096K), 2 survivors (4096K)
 Metaspace       used 67092K, committed 67520K, reserved 1114112K
  class space    used 8880K, committed 9088K, reserved 1048576K
}

